<?xml version="1.0" encoding="UTF-8"?>
<!-- Generated by org.testng.reporters.JUnitReportReporter -->
<testsuite hostname="DESKTOP-SKCEC7H" failures="0" tests="2" name="com.swaglabs.NavigationTests" time="24.249" errors="0" timestamp="2024-09-13T15:09:45 BST" skipped="0">
  <testcase classname="com.swaglabs.NavigationTests" name="testNavigationBetweenPages" time="13.584"/>
  <system-out/>
  <testcase classname="com.swaglabs.NavigationTests" name="testLogoutFunctionality" time="10.665"/>
  <system-out/>
</testsuite> <!-- com.swaglabs.NavigationTests -->
