<?xml version="1.0" encoding="UTF-8"?>
<!-- Generated by org.testng.reporters.JUnitReportReporter -->
<testsuite hostname="DESKTOP-SKCEC7H" failures="0" tests="3" name="com.swaglabs.ProductPageTests" time="46.373" errors="0" timestamp="2024-09-13T15:07:35 BST" skipped="0">
  <testcase classname="com.swaglabs.ProductPageTests" name="testProductVisibility" time="13.398"/>
  <system-out/>
  <testcase classname="com.swaglabs.ProductPageTests" name="testProductDetails" time="16.395"/>
  <system-out/>
  <testcase classname="com.swaglabs.ProductPageTests" name="testAddToCart" time="16.580"/>
  <system-out/>
</testsuite> <!-- com.swaglabs.ProductPageTests -->
