<?xml version="1.0" encoding="UTF-8"?>
<!-- Generated by org.testng.reporters.JUnitReportReporter -->
<testsuite hostname="DESKTOP-SKCEC7H" failures="0" tests="3" name="com.swaglabs.LoginTests" time="58.953" errors="0" timestamp="2024-09-13T15:06:09 BST" skipped="0">
  <testcase classname="com.swaglabs.LoginTests" name="testValidLogin" time="28.267"/>
  <system-out/>
  <testcase classname="com.swaglabs.LoginTests" name="testInvalidLogin" time="12.912"/>
  <system-out/>
  <testcase classname="com.swaglabs.LoginTests" name="testEmptyFieldsLogin" time="17.774"/>
  <system-out/>
</testsuite> <!-- com.swaglabs.LoginTests -->
