<?xml version="1.0" encoding="UTF-8"?>
<!-- Generated by org.testng.reporters.JUnitReportReporter -->
<testsuite hostname="DESKTOP-SKCEC7H" failures="0" tests="3" name="com.swaglabs.CartPageTests" time="52.202" errors="0" timestamp="2024-09-13T15:08:50 BST" skipped="0">
  <testcase classname="com.swaglabs.CartPageTests" name="testCheckoutProcess" time="14.372"/>
  <system-out/>
  <testcase classname="com.swaglabs.CartPageTests" name="testViewCart" time="17.690"/>
  <system-out/>
  <testcase classname="com.swaglabs.CartPageTests" name="testRemoveItemFromCart" time="20.140"/>
  <system-out/>
</testsuite> <!-- com.swaglabs.CartPageTests -->
